2016-12-18 08:00:02 [scrapy] INFO: Scrapy 1.2.1 started (bot: govbuyscrapy)
2016-12-18 08:00:02 [scrapy] INFO: Overridden settings: {'NEWSPIDER_MODULE': 'govbuyscrapy.spiders', 'SPIDER_MODULES': ['govbuyscrapy.spiders'], 'LOG_FILE': 'logs/govbuyscrapy/govbuy_wan_timing_list/ec21efe6c4b411e6a87f14dda97ae760.log', 'BOT_NAME': 'govbuyscrapy'}
2016-12-18 08:00:02 [scrapy] INFO: Enabled extensions:
['scrapy.extensions.logstats.LogStats',
 'scrapy.extensions.telnet.TelnetConsole',
 'scrapy.extensions.corestats.CoreStats']
2016-12-18 08:00:02 [scrapy] INFO: Enabled downloader middlewares:
['scrapy.downloadermiddlewares.httpauth.HttpAuthMiddleware',
 'scrapy.downloadermiddlewares.downloadtimeout.DownloadTimeoutMiddleware',
 'scrapy.downloadermiddlewares.defaultheaders.DefaultHeadersMiddleware',
 'scrapy.downloadermiddlewares.useragent.UserAgentMiddleware',
 'scrapy.downloadermiddlewares.retry.RetryMiddleware',
 'scrapy.downloadermiddlewares.redirect.MetaRefreshMiddleware',
 'scrapy.downloadermiddlewares.httpcompression.HttpCompressionMiddleware',
 'scrapy.downloadermiddlewares.redirect.RedirectMiddleware',
 'scrapy.downloadermiddlewares.cookies.CookiesMiddleware',
 'scrapy.downloadermiddlewares.chunked.ChunkedTransferMiddleware',
 'scrapy.downloadermiddlewares.stats.DownloaderStats']
2016-12-18 08:00:02 [scrapy] INFO: Enabled spider middlewares:
['scrapy.spidermiddlewares.httperror.HttpErrorMiddleware',
 'scrapy.spidermiddlewares.offsite.OffsiteMiddleware',
 'scrapy.spidermiddlewares.referer.RefererMiddleware',
 'scrapy.spidermiddlewares.urllength.UrlLengthMiddleware',
 'scrapy.spidermiddlewares.depth.DepthMiddleware']
2016-12-18 08:00:02 [scrapy] INFO: Enabled item pipelines:
[]
2016-12-18 08:00:02 [scrapy] INFO: Spider opened
2016-12-18 08:00:02 [scrapy] INFO: Crawled 0 pages (at 0 pages/min), scraped 0 items (at 0 items/min)
2016-12-18 08:00:02 [scrapy] DEBUG: Telnet console listening on 127.0.0.1:6023
2016-12-18 08:00:02 [scrapy] DEBUG: Crawled (200) <GET http://www.lazfcg.gov.cn/IndexViewController.do?method=index> (referer: None)
2016-12-18 08:00:02 [scrapy] DEBUG: Crawled (200) <GET http://www.shouxian.gov.cn/opennessTarget/?branch_id=546ad3cc592c20a813e870b6&column_code=171100&page=1> (referer: None)
2016-12-18 08:00:02 [scrapy] DEBUG: Crawled (200) <GET http://www.ahhuoshan.gov.cn/opennessTarget/?branch_id=538fcdeda0139884c80e4a0d&column_code=171001&topic_id=&page=1> (referer: None)
2016-12-18 08:00:02 [scrapy] DEBUG: Crawled (200) <GET http://www.ahjinzhai.gov.cn/tmp/xxgklist2.shtml?unitsId=97&action=list&SS_Path=/-012-148-052&types=2&SSIDS%20=&pp=1> (referer: None)
2016-12-18 08:00:02 [scrapy] DEBUG: Filtered duplicate request: <GET http://www.lazfcg.gov.cn/IndexViewController.do?method=inde1> - no more duplicates will be shown (see DUPEFILTER_DEBUG to show all duplicates)
2016-12-18 08:00:02 [scrapy] DEBUG: Crawled (200) <GET http://www.lazfcg.gov.cn/IndexViewController.do?method=inde1> (referer: http://www.shouxian.gov.cn/opennessTarget/?branch_id=546ad3cc592c20a813e870b6&column_code=171100&page=1) ['partial']
2016-12-18 08:00:02 [scrapy] DEBUG: Crawled (200) <GET http://www.shucheng.gov.cn/tmp/xxgklist2.shtml?unitsId=1&SSIDS=2012&action=list&SS_Path=/-012-148-052&types=2&pp=1> (referer: None)
2016-12-18 08:00:02 [scrapy] DEBUG: Crawled (200) <GET http://www.huoqiu.gov.cn/tmp/xxgklist2.shtml?unitsId=1&SSIDS=4286&action=list&SS_Path=/-020-034-022&types=2&smonth=0&pp=1> (referer: None)
2016-12-18 08:00:02 [scrapy] DEBUG: Crawled (200) <GET http://xxgk.yuan.gov.cn/tmp/xxgklist2.shtml?unitsId=93&SSIDS=5833&action=list&SS_Path=/-010-032-024-004&types=2&pp=1> (referer: None)
2016-12-18 08:00:04 [scrapy] DEBUG: Retrying <GET http://www.ja.gov.cn/TMP/Nav_gongkailanmu.shtml?unitsId=93&action=list&SS_Path=/-010-042-014&pp=1> (failed 1 times): An error occurred while connecting: 113: No route to host.
2016-12-18 08:00:07 [scrapy] DEBUG: Retrying <GET http://www.ja.gov.cn/TMP/Nav_gongkailanmu.shtml?unitsId=93&action=list&SS_Path=/-010-042-014&pp=1> (failed 2 times): An error occurred while connecting: 113: No route to host.
2016-12-18 08:00:10 [scrapy] DEBUG: Gave up retrying <GET http://www.ja.gov.cn/TMP/Nav_gongkailanmu.shtml?unitsId=93&action=list&SS_Path=/-010-042-014&pp=1> (failed 3 times): An error occurred while connecting: 113: No route to host.
2016-12-18 08:00:10 [scrapy] ERROR: Error downloading <GET http://www.ja.gov.cn/TMP/Nav_gongkailanmu.shtml?unitsId=93&action=list&SS_Path=/-010-042-014&pp=1>: An error occurred while connecting: 113: No route to host.
2016-12-18 08:00:10 [scrapy] INFO: Closing spider (finished)
2016-12-18 08:00:10 [scrapy] INFO: Dumping Scrapy stats:
{'downloader/exception_count': 3,
 'downloader/exception_type_count/twisted.internet.error.ConnectError': 3,
 'downloader/request_bytes': 3382,
 'downloader/request_count': 11,
 'downloader/request_method_count/GET': 11,
 'downloader/response_bytes': 287204,
 'downloader/response_count': 8,
 'downloader/response_status_count/200': 8,
 'dupefilter/filtered': 5,
 'finish_reason': 'finished',
 'finish_time': datetime.datetime(2016, 12, 18, 0, 0, 10, 963497),
 'log_count/DEBUG': 13,
 'log_count/ERROR': 1,
 'log_count/INFO': 7,
 'request_depth_max': 1,
 'response_received_count': 8,
 'scheduler/dequeued': 11,
 'scheduler/dequeued/memory': 11,
 'scheduler/enqueued': 11,
 'scheduler/enqueued/memory': 11,
 'start_time': datetime.datetime(2016, 12, 18, 0, 0, 2, 234872)}
2016-12-18 08:00:10 [scrapy] INFO: Spider closed (finished)
