2016-12-04 08:20:30 [scrapy] INFO: Scrapy 1.2.1 started (bot: govbuyscrapy)
2016-12-04 08:20:30 [scrapy] INFO: Overridden settings: {'NEWSPIDER_MODULE': 'govbuyscrapy.spiders', 'SPIDER_MODULES': ['govbuyscrapy.spiders'], 'LOG_FILE': 'logs/govbuyscrapy/govbuy_wan_shucheng/8467596eb9fa11e6abcc14dda97ae760.log', 'BOT_NAME': 'govbuyscrapy'}
2016-12-04 08:20:30 [scrapy] INFO: Enabled extensions:
['scrapy.extensions.logstats.LogStats',
 'scrapy.extensions.telnet.TelnetConsole',
 'scrapy.extensions.corestats.CoreStats']
2016-12-04 08:20:30 [scrapy] INFO: Enabled downloader middlewares:
['scrapy.downloadermiddlewares.httpauth.HttpAuthMiddleware',
 'scrapy.downloadermiddlewares.downloadtimeout.DownloadTimeoutMiddleware',
 'scrapy.downloadermiddlewares.defaultheaders.DefaultHeadersMiddleware',
 'scrapy.downloadermiddlewares.useragent.UserAgentMiddleware',
 'scrapy.downloadermiddlewares.retry.RetryMiddleware',
 'scrapy.downloadermiddlewares.redirect.MetaRefreshMiddleware',
 'scrapy.downloadermiddlewares.httpcompression.HttpCompressionMiddleware',
 'scrapy.downloadermiddlewares.redirect.RedirectMiddleware',
 'scrapy.downloadermiddlewares.cookies.CookiesMiddleware',
 'scrapy.downloadermiddlewares.chunked.ChunkedTransferMiddleware',
 'scrapy.downloadermiddlewares.stats.DownloaderStats']
2016-12-04 08:20:30 [scrapy] INFO: Enabled spider middlewares:
['scrapy.spidermiddlewares.httperror.HttpErrorMiddleware',
 'scrapy.spidermiddlewares.offsite.OffsiteMiddleware',
 'scrapy.spidermiddlewares.referer.RefererMiddleware',
 'scrapy.spidermiddlewares.urllength.UrlLengthMiddleware',
 'scrapy.spidermiddlewares.depth.DepthMiddleware']
2016-12-04 08:20:30 [py.warnings] WARNING: govbuyscrapy/pipelines.py:9: ScrapyDeprecationWarning: Module `scrapy.contrib.exporter` is deprecated, use `scrapy.exporters` instead
  from scrapy.contrib.exporter import JsonItemExporter

2016-12-04 08:20:30 [scrapy] INFO: Enabled item pipelines:
['govbuyscrapy.pipelines.GovbuyPipeline']
2016-12-04 08:20:30 [scrapy] INFO: Spider opened
2016-12-04 08:20:30 [scrapy] INFO: Crawled 0 pages (at 0 pages/min), scraped 0 items (at 0 items/min)
2016-12-04 08:20:30 [scrapy] DEBUG: Telnet console listening on 127.0.0.1:6023
2016-12-04 08:20:31 [scrapy] DEBUG: Crawled (200) <GET http://www.shucheng.gov.cn/tmp/xxgklist2.shtml?unitsId=1&SSIDS=2012&action=list&SS_Path=/-012-148-052&types=2&pp=1> (referer: None)
2016-12-04 08:20:31 [scrapy] ERROR: Spider error processing <GET http://www.shucheng.gov.cn/tmp/xxgklist2.shtml?unitsId=1&SSIDS=2012&action=list&SS_Path=/-012-148-052&types=2&pp=1> (referer: None)
Traceback (most recent call last):
  File "/home/jielin/workspace/gov-business/ve/local/lib/python2.7/site-packages/scrapy/utils/defer.py", line 102, in iter_errback
    yield next(it)
  File "/home/jielin/workspace/gov-business/ve/local/lib/python2.7/site-packages/scrapy/spidermiddlewares/offsite.py", line 29, in process_spider_output
    for x in result:
  File "/home/jielin/workspace/gov-business/ve/local/lib/python2.7/site-packages/scrapy/spidermiddlewares/referer.py", line 22, in <genexpr>
    return (_set_referer(r) for r in result or ())
  File "/home/jielin/workspace/gov-business/ve/local/lib/python2.7/site-packages/scrapy/spidermiddlewares/urllength.py", line 37, in <genexpr>
    return (r for r in result or () if _filter(r))
  File "/home/jielin/workspace/gov-business/ve/local/lib/python2.7/site-packages/scrapy/spidermiddlewares/depth.py", line 58, in <genexpr>
    return (r for r in result or () if _filter(r))
  File "govbuyscrapy/spiders/wan_shucheng_spider.py", line 47, in prase
    if not record and sname not in self.sname and record.logogram != sname:
AttributeError: 'NoneType' object has no attribute 'logogram'
2016-12-04 08:20:31 [scrapy] INFO: Closing spider (finished)
2016-12-04 08:20:31 [scrapy] INFO: Dumping Scrapy stats:
{'downloader/request_bytes': 304,
 'downloader/request_count': 1,
 'downloader/request_method_count/GET': 1,
 'downloader/response_bytes': 28197,
 'downloader/response_count': 1,
 'downloader/response_status_count/200': 1,
 'finish_reason': 'finished',
 'finish_time': datetime.datetime(2016, 12, 4, 8, 20, 31, 380960),
 'log_count/DEBUG': 2,
 'log_count/ERROR': 1,
 'log_count/INFO': 7,
 'log_count/WARNING': 1,
 'response_received_count': 1,
 'scheduler/dequeued': 1,
 'scheduler/dequeued/memory': 1,
 'scheduler/enqueued': 1,
 'scheduler/enqueued/memory': 1,
 'spider_exceptions/AttributeError': 1,
 'start_time': datetime.datetime(2016, 12, 4, 8, 20, 30, 569196)}
2016-12-04 08:20:31 [scrapy] INFO: Spider closed (finished)
