2016-12-05 23:43:20 [scrapy] INFO: Scrapy 1.2.1 started (bot: govbuyscrapy)
2016-12-05 23:43:20 [scrapy] INFO: Overridden settings: {'NEWSPIDER_MODULE': 'govbuyscrapy.spiders', 'SPIDER_MODULES': ['govbuyscrapy.spiders'], 'LOG_FILE': 'logs/govbuyscrapy/govbuy_wan_yuan/8a0a78c6bb0111e6a86714dda97ae760.log', 'BOT_NAME': 'govbuyscrapy'}
2016-12-05 23:43:20 [scrapy] INFO: Enabled extensions:
['scrapy.extensions.logstats.LogStats',
 'scrapy.extensions.telnet.TelnetConsole',
 'scrapy.extensions.corestats.CoreStats']
2016-12-05 23:43:20 [scrapy] INFO: Enabled downloader middlewares:
['scrapy.downloadermiddlewares.httpauth.HttpAuthMiddleware',
 'scrapy.downloadermiddlewares.downloadtimeout.DownloadTimeoutMiddleware',
 'scrapy.downloadermiddlewares.defaultheaders.DefaultHeadersMiddleware',
 'scrapy.downloadermiddlewares.useragent.UserAgentMiddleware',
 'scrapy.downloadermiddlewares.retry.RetryMiddleware',
 'scrapy.downloadermiddlewares.redirect.MetaRefreshMiddleware',
 'scrapy.downloadermiddlewares.httpcompression.HttpCompressionMiddleware',
 'scrapy.downloadermiddlewares.redirect.RedirectMiddleware',
 'scrapy.downloadermiddlewares.cookies.CookiesMiddleware',
 'scrapy.downloadermiddlewares.chunked.ChunkedTransferMiddleware',
 'scrapy.downloadermiddlewares.stats.DownloaderStats']
2016-12-05 23:43:20 [scrapy] INFO: Enabled spider middlewares:
['scrapy.spidermiddlewares.httperror.HttpErrorMiddleware',
 'scrapy.spidermiddlewares.offsite.OffsiteMiddleware',
 'scrapy.spidermiddlewares.referer.RefererMiddleware',
 'scrapy.spidermiddlewares.urllength.UrlLengthMiddleware',
 'scrapy.spidermiddlewares.depth.DepthMiddleware']
2016-12-05 23:43:20 [scrapy] INFO: Enabled item pipelines:
[]
2016-12-05 23:43:20 [scrapy] INFO: Spider opened
2016-12-05 23:43:20 [scrapy] INFO: Crawled 0 pages (at 0 pages/min), scraped 0 items (at 0 items/min)
2016-12-05 23:43:20 [scrapy] DEBUG: Telnet console listening on 127.0.0.1:6023
2016-12-05 23:43:21 [scrapy] DEBUG: Crawled (200) <GET http://xxgk.yuan.gov.cn/tmp/xxgklist2.shtml?unitsId=93&SSIDS=5833&action=list&SS_Path=/-010-032-024-004&types=2&pp=1> (referer: None)
2016-12-05 23:43:21 [scrapy] DEBUG: Filtered duplicate request: <GET http://xxgk.yuan.gov.cn/tmp/xxgklist2.shtml?unitsId=93&SSIDS=5833&action=list&SS_Path=/-010-032-024-004&types=2&pp=1> - no more duplicates will be shown (see DUPEFILTER_DEBUG to show all duplicates)
2016-12-05 23:43:21 [scrapy] DEBUG: Crawled (200) <GET http://xxgk.yuan.gov.cn/tmp/xxgklist2.shtml?unitsId=93&SSIDS=5833&action=list&SS_Path=/-010-032-024-004&types=2&pp=2> (referer: http://xxgk.yuan.gov.cn/tmp/xxgklist2.shtml?unitsId=93&SSIDS=5833&action=list&SS_Path=/-010-032-024-004&types=2&pp=1)
2016-12-05 23:43:22 [scrapy] DEBUG: Crawled (200) <GET http://xxgk.yuan.gov.cn/tmp/xxgklist2.shtml?unitsId=93&SSIDS=5833&action=list&SS_Path=/-010-032-024-004&types=2&pp=3> (referer: http://xxgk.yuan.gov.cn/tmp/xxgklist2.shtml?unitsId=93&SSIDS=5833&action=list&SS_Path=/-010-032-024-004&types=2&pp=1)
2016-12-05 23:43:22 [scrapy] INFO: Closing spider (finished)
2016-12-05 23:43:22 [scrapy] INFO: Dumping Scrapy stats:
{'downloader/request_bytes': 1282,
 'downloader/request_count': 3,
 'downloader/request_method_count/GET': 3,
 'downloader/response_bytes': 21680,
 'downloader/response_count': 3,
 'downloader/response_status_count/200': 3,
 'dupefilter/filtered': 7,
 'finish_reason': 'finished',
 'finish_time': datetime.datetime(2016, 12, 5, 15, 43, 22, 292925),
 'log_count/DEBUG': 5,
 'log_count/INFO': 7,
 'request_depth_max': 2,
 'response_received_count': 3,
 'scheduler/dequeued': 3,
 'scheduler/dequeued/memory': 3,
 'scheduler/enqueued': 3,
 'scheduler/enqueued/memory': 3,
 'start_time': datetime.datetime(2016, 12, 5, 15, 43, 20, 249409)}
2016-12-05 23:43:22 [scrapy] INFO: Spider closed (finished)
